Arguments: 
  /Users/shen/.nvm/versions/node/v12.18.3/bin/node /Users/shen/.nvm/versions/node/v12.18.3/bin/yarn add react-native

PATH: 
  /Users/shen/.nvm/versions/node/v12.18.3/bin:./usr/local/bin:/usr/bin:/bin:/usr/sbin:/sbin:/Library/Apple/usr/bin:/Users/shen/Library/Android/sdk/platform-tools:/Library/Java/JavaVirtualMachines/jdk1.8.0_291.jdk/Contents/Home:/usr/local/bin:/Users/shen/Library/Android/sdk/ndk/android-ndk-r21d:/Users/shen/Library/Android/sdk:/Applications/Visual\ Studio\ Code.app/Contents/Resources/app/bin

Yarn version: 
  1.22.10

Node version: 
  12.18.3

Platform: 
  darwin x64

Trace: 
  Error: getaddrinfo ENOTFOUND r.npm.sankuai.com
      at GetAddrInfoReqWrap.onlookup [as oncomplete] (dns.js:66:26)

npm manifest: 
  {
    "name": "RN4Android",
    "version": "0.0.1",
    "private": true,
    "scripts": {
      "start": "yarn react-native start"
    }
  }

yarn manifest: 
  No manifest

Lockfile: 
  No lockfile
